<?xml version="1.0" encoding="UTF-8"?>
<testsuite xmlns:xsi="http://www.w3.org/2001/XMLSchema-instance" xsi:noNamespaceSchemaLocation="https://maven.apache.org/surefire/maven-surefire-plugin/xsd/surefire-test-report-3.0.xsd" version="3.0" name="org.springseed.core.util.SnowflakeUtilTests" time="0.165" tests="5" errors="0" skipped="0" failures="0">
  <properties>
[...]
</properties>
  <testcase name="whenNextIdsStr_thenOk" classname="org.springseed.core.util.SnowflakeUtilTests" time="0.126">
    <system-out><![CDATA[10:04:20.153 [main] INFO org.springseed.core.util.SnowflakeUtil - SnowflakeUtil initialized [workerId=2, datacenterId=2]
1509350852002062336
1509350852002062337
1509350852002062338
1509350852002062339
1509350852002062340
1509350852002062341
1509350852002062342
1509350852002062343
1509350852002062344
1509350852002062345
1509350852002062346
1509350852002062347
1509350852002062348
1509350852002062349
1509350852002062350
1509350852002062351
1509350852002062352
1509350852002062353
1509350852002062354
1509350852002062355
1509350852002062356
1509350852002062357
1509350852002062358
1509350852002062359
1509350852002062360
1509350852002062361
1509350852002062362
1509350852002062363
1509350852002062364
1509350852002062365
1509350852002062366
1509350852002062367
1509350852002062368
1509350852002062369
1509350852002062370
1509350852002062371
1509350852002062372
1509350852002062373
1509350852002062374
1509350852002062375
1509350852002062376
1509350852002062377
1509350852002062378
1509350852002062379
1509350852002062380
1509350852002062381
1509350852002062382
1509350852002062383
1509350852002062384
1509350852002062385
1509350852002062386
1509350852002062387
1509350852002062388
1509350852002062389
1509350852002062390
1509350852002062391
1509350852002062392
1509350852002062393
1509350852002062394
1509350852002062395
1509350852002062396
1509350852002062397
1509350852002062398
1509350852002062399
1509350852002062400
1509350852002062401
1509350852002062402
1509350852002062403
1509350852002062404
1509350852002062405
1509350852002062406
1509350852002062407
1509350852002062408
1509350852002062409
1509350852002062410
1509350852002062411
1509350852002062412
1509350852002062413
1509350852002062414
1509350852002062415
1509350852002062416
1509350852002062417
1509350852002062418
1509350852002062419
1509350852002062420
1509350852002062421
1509350852002062422
1509350852002062423
1509350852002062424
1509350852002062425
1509350852002062426
1509350852002062427
1509350852002062428
1509350852002062429
1509350852002062430
1509350852002062431
1509350852002062432
1509350852002062433
1509350852002062434
1509350852002062435
]]></system-out>
  </testcase>
  <testcase name="whenNextIdStr_thenOk" classname="org.springseed.core.util.SnowflakeUtilTests" time="0.002"/>
  <testcase name="whenNextId_thenOk" classname="org.springseed.core.util.SnowflakeUtilTests" time="0.005"/>
  <testcase name="thenInitOk" classname="org.springseed.core.util.SnowflakeUtilTests" time="0.002"/>
  <testcase name="whenNextIds_thenOk" classname="org.springseed.core.util.SnowflakeUtilTests" time="0.004">
    <system-out><![CDATA[1509350852274692096
1509350852274692097
1509350852274692098
1509350852274692099
1509350852274692100
1509350852274692101
1509350852274692102
1509350852274692103
1509350852274692104
1509350852274692105
1509350852274692106
1509350852274692107
1509350852274692108
1509350852274692109
1509350852274692110
1509350852274692111
1509350852274692112
1509350852274692113
1509350852274692114
1509350852274692115
1509350852274692116
1509350852274692117
1509350852274692118
1509350852274692119
1509350852274692120
1509350852274692121
1509350852274692122
1509350852274692123
1509350852274692124
1509350852274692125
1509350852274692126
1509350852274692127
1509350852274692128
1509350852274692129
1509350852274692130
1509350852274692131
1509350852274692132
1509350852274692133
1509350852274692134
1509350852274692135
1509350852274692136
1509350852274692137
1509350852274692138
1509350852274692139
1509350852274692140
1509350852274692141
1509350852274692142
1509350852274692143
1509350852274692144
1509350852274692145
1509350852274692146
1509350852274692147
1509350852274692148
1509350852274692149
1509350852274692150
1509350852274692151
1509350852274692152
1509350852274692153
1509350852274692154
1509350852274692155
1509350852274692156
1509350852274692157
1509350852274692158
1509350852274692159
1509350852274692160
1509350852274692161
1509350852274692162
1509350852274692163
1509350852274692164
1509350852274692165
1509350852274692166
1509350852274692167
1509350852274692168
1509350852274692169
1509350852274692170
1509350852274692171
1509350852274692172
1509350852274692173
1509350852274692174
1509350852274692175
1509350852274692176
1509350852274692177
1509350852274692178
1509350852274692179
1509350852274692180
1509350852274692181
1509350852274692182
1509350852274692183
1509350852274692184
1509350852274692185
1509350852274692186
1509350852274692187
1509350852274692188
1509350852274692189
1509350852274692190
1509350852274692191
1509350852274692192
1509350852274692193
1509350852274692194
1509350852274692195
]]></system-out>
  </testcase>
</testsuite>